<?xml version="1.0" encoding="UTF-8"?>
<!-- Generated by org.testng.reporters.JUnitXMLReporter -->
<testsuite hostname="W1076VH8H2" ignored="0" name="Regression Testing" tests="20" failures="3" timestamp="2021-09-15T17:42:24 IST" time="1076.556" errors="0">
  <testcase name="testcaseRun" time="0.006" classname="testNgConcepts.TestNgBasics"/>
  <testcase name="googleTest" time="0.016" classname="testNgConcepts.GoogleTest"/>
  <testcase name="googleLogoTest" time="0.448" classname="testNgConcepts.GoogleTest"/>
  <testcase name="googleLogoTest2" time="13.294" classname="testNgConcepts.GoogleTest">
    <failure type="org.openqa.selenium.WebDriverException" message="disconnected: not connected to DevTools
  (Session info: chrome=93.0.4577.63)
Build info: version: &amp;apos;3.141.59&amp;apos;, revision: &amp;apos;e82be7d358&amp;apos;, time: &amp;apos;2018-11-14T08:25:48&amp;apos;
System info: host: &amp;apos;W1076VH8H2&amp;apos;, ip: &amp;apos;192.168.29.78&amp;apos;, os.name: &amp;apos;Windows 10&amp;apos;, os.arch: &amp;apos;amd64&amp;apos;, os.version: &amp;apos;10.0&amp;apos;, java.version: &amp;apos;1.8.0_291&amp;apos;
Driver info: org.openqa.selenium.chrome.ChromeDriver
Capabilities {acceptInsecureCerts: false, browserName: chrome, browserVersion: 93.0.4577.63, chrome: {chromedriverVersion: 93.0.4577.15 (660fc11082ba5..., userDataDir: C:\Users\TEJA_V~1.ASI\AppDa...}, goog:chromeOptions: {debuggerAddress: localhost:61319}, javascriptEnabled: true, networkConnectionEnabled: false, pageLoadStrategy: normal, platform: WINDOWS, platformName: WINDOWS, proxy: Proxy(), setWindowRect: true, strictFileInteractability: false, timeouts: {implicit: 0, pageLoad: 300000, script: 30000}, unhandledPromptBehavior: dismiss and notify, webauthn:extension:credBlob: true, webauthn:extension:largeBlob: true, webauthn:virtualAuthenticators: true}
Session ID: 27a2157966106adc862be2061c7e1118
*** Element info: {Using=css selector, value=body:nth-child(2) div.L99Ugb:nth-child(2) div.o3j99.LLD4me.yr19Zb.LS8OJ:nth-child(2) div.k1zIA.rSk4se:nth-child(2) &amp;gt; img.lnXdpd:nth-child(2)}">
      <![CDATA[org.openqa.selenium.WebDriverException: disconnected: not connected to DevTools
  (Session info: chrome=93.0.4577.63)
Build info: version: '3.141.59', revision: 'e82be7d358', time: '2018-11-14T08:25:48'
System info: host: 'W1076VH8H2', ip: '192.168.29.78', os.name: 'Windows 10', os.arch: 'amd64', os.version: '10.0', java.version: '1.8.0_291'
Driver info: org.openqa.selenium.chrome.ChromeDriver
Capabilities {acceptInsecureCerts: false, browserName: chrome, browserVersion: 93.0.4577.63, chrome: {chromedriverVersion: 93.0.4577.15 (660fc11082ba5..., userDataDir: C:\Users\TEJA_V~1.ASI\AppDa...}, goog:chromeOptions: {debuggerAddress: localhost:61319}, javascriptEnabled: true, networkConnectionEnabled: false, pageLoadStrategy: normal, platform: WINDOWS, platformName: WINDOWS, proxy: Proxy(), setWindowRect: true, strictFileInteractability: false, timeouts: {implicit: 0, pageLoad: 300000, script: 30000}, unhandledPromptBehavior: dismiss and notify, webauthn:extension:credBlob: true, webauthn:extension:largeBlob: true, webauthn:virtualAuthenticators: true}
Session ID: 27a2157966106adc862be2061c7e1118
*** Element info: {Using=css selector, value=body:nth-child(2) div.L99Ugb:nth-child(2) div.o3j99.LLD4me.yr19Zb.LS8OJ:nth-child(2) div.k1zIA.rSk4se:nth-child(2) > img.lnXdpd:nth-child(2)}
at org.openqa.selenium.remote.http.W3CHttpResponseCodec.createException(W3CHttpResponseCodec.java:187)
at org.openqa.selenium.remote.http.W3CHttpResponseCodec.decode(W3CHttpResponseCodec.java:122)
at org.openqa.selenium.remote.http.W3CHttpResponseCodec.decode(W3CHttpResponseCodec.java:49)
at org.openqa.selenium.remote.HttpCommandExecutor.execute(HttpCommandExecutor.java:158)
at org.openqa.selenium.remote.service.DriverCommandExecutor.execute(DriverCommandExecutor.java:83)
at org.openqa.selenium.remote.RemoteWebDriver.execute(RemoteWebDriver.java:552)
at org.openqa.selenium.remote.RemoteWebDriver.findElement(RemoteWebDriver.java:323)
at org.openqa.selenium.remote.RemoteWebDriver.findElementByCssSelector(RemoteWebDriver.java:420)
at org.openqa.selenium.By$ByCssSelector.findElement(By.java:431)
at org.openqa.selenium.remote.RemoteWebDriver.findElement(RemoteWebDriver.java:315)
at testNgConcepts.GoogleTest.googleLogoTest2(GoogleTest.java:40)
at java.util.ArrayList.forEach(Unknown Source)
... Removed 31 stack frames]]>
    </failure>
  </testcase> <!-- googleLogoTest2 -->
  <testcase name="googleLogoTest" time="0.085" classname="testNgConcepts.AssertConcepts"/>
  <testcase name="googleTitle" time="0.018" classname="testNgConcepts.AssertConcepts">
    <failure type="java.lang.AssertionError" message="Title is not matched expected [Google1] but found [Google]">
      <![CDATA[java.lang.AssertionError: Title is not matched expected [Google1] but found [Google]
at testNgConcepts.AssertConcepts.googleTitle(AssertConcepts.java:33)
at java.util.ArrayList.forEach(Unknown Source)
... Removed 32 stack frames]]>
    </failure>
  </testcase> <!-- googleTitle -->
  <testcase name="sum" time="0.002" classname="testNgConcepts.InvocationCount"/>
  <testcase name="sum" time="0.001" classname="testNgConcepts.InvocationCount"/>
  <testcase name="sum" time="0.002" classname="testNgConcepts.InvocationCount"/>
  <testcase name="sum" time="0.002" classname="testNgConcepts.InvocationCount"/>
  <testcase name="sum" time="0.001" classname="testNgConcepts.InvocationCount"/>
  <testcase name="sum" time="0.003" classname="testNgConcepts.InvocationCount"/>
  <testcase name="sum" time="0.005" classname="testNgConcepts.InvocationCount"/>
  <testcase name="sum" time="0.002" classname="testNgConcepts.InvocationCount"/>
  <testcase name="sum" time="0.003" classname="testNgConcepts.InvocationCount"/>
  <testcase name="sum" time="0.002" classname="testNgConcepts.InvocationCount"/>
  <testcase name="test1" time="0.001" classname="testNgConcepts.ExceptionalTimeoutTest"/>
  <testcase name="googleTest" time="0.001" classname="testNgConcepts.AnnotationConcept">
    <failure type="java.lang.ArithmeticException" message="/ by zero">
      <![CDATA[java.lang.ArithmeticException: / by zero
at testNgConcepts.AnnotationConcept.googleTest(AnnotationConcept.java:28)
at java.util.ArrayList.forEach(Unknown Source)
... Removed 27 stack frames]]>
    </failure>
  </testcase> <!-- googleTest -->
  <testcase name="googleTest1" time="0.0" classname="testNgConcepts.AnnotationConcept">
    <skipped/>
  </testcase> <!-- googleTest1 -->
  <testcase name="googleTest2" time="0.0" classname="testNgConcepts.AnnotationConcept">
    <skipped/>
  </testcase> <!-- googleTest2 -->
</testsuite> <!-- Regression Testing -->
